0 verbose cli /usr/bin/node /usr/bin/npm
1 info using npm@8.19.4
2 info using node@v16.20.2
3 timing npm:load:whichnode Completed in 1ms
4 timing config:load:defaults Completed in 5ms
5 timing config:load:file:/usr/lib/node_modules/npm/npmrc Completed in 17ms
6 timing config:load:builtin Completed in 17ms
7 timing config:load:cli Completed in 2ms
8 timing config:load:env Completed in 1ms
9 timing config:load:project Completed in 7ms
10 timing config:load:file:/home/ec2-user/.npmrc Completed in 0ms
11 timing config:load:user Completed in 0ms
12 timing config:load:file:/usr/etc/npmrc Completed in 1ms
13 timing config:load:global Completed in 1ms
14 timing config:load:validate Completed in 0ms
15 timing config:load:credentials Completed in 1ms
16 timing config:load:setEnvs Completed in 1ms
17 timing config:load Completed in 35ms
18 timing npm:load:configload Completed in 35ms
19 timing npm:load:mkdirpcache Completed in 1ms
20 timing npm:load:mkdirplogs Completed in 1ms
21 verbose title npm install
22 verbose argv "install"
23 timing npm:load:setTitle Completed in 1ms
24 timing config:load:flatten Completed in 4ms
25 timing npm:load:display Completed in 6ms
26 verbose logfile logs-max:10 dir:/home/ec2-user/.npm/_logs
27 verbose logfile /home/ec2-user/.npm/_logs/2025-07-10T20_52_15_169Z-debug-0.log
28 timing npm:load:logFile Completed in 6ms
29 timing npm:load:timers Completed in 0ms
30 timing npm:load:configScope Completed in 0ms
31 timing npm:load Completed in 51ms
32 timing arborist:ctor Completed in 1ms
33 silly logfile done cleaning log files
34 timing idealTree Completed in 3ms
35 timing command:install Completed in 50ms
36 verbose stack JSONParseError: Unexpected token "c" (0x63) in JSON at position 0 while parsing near "const express = requ..."
36 verbose stack     at /usr/lib/node_modules/npm/node_modules/read-package-json-fast/index.js:11:61
36 verbose stack     at async Arborist.buildIdealTree (/usr/lib/node_modules/npm/node_modules/@npmcli/arborist/lib/arborist/build-ideal-tree.js:208:7)
36 verbose stack     at async Promise.all (index 1)
36 verbose stack     at async Arborist.reify (/usr/lib/node_modules/npm/node_modules/@npmcli/arborist/lib/arborist/reify.js:154:5)
36 verbose stack     at async Install.exec (/usr/lib/node_modules/npm/lib/commands/install.js:145:5)
36 verbose stack     at async module.exports (/usr/lib/node_modules/npm/lib/cli.js:78:5)
37 verbose cwd /home/ec2-user
38 verbose Linux 6.1.141-155.222.amzn2023.x86_64
39 verbose node v16.20.2
40 verbose npm  v8.19.4
41 error code EJSONPARSE
42 error path /home/ec2-user/package.json
43 error JSON.parse Unexpected token "c" (0x63) in JSON at position 0 while parsing near "const express = requ..."
44 error JSON.parse Failed to parse JSON data.
44 error JSON.parse Note: package.json must be actual JSON, not just JavaScript.
45 verbose exit 1
46 timing npm Completed in 202ms
47 verbose unfinished npm timer reify 1752180735315
48 verbose unfinished npm timer reify:loadTrees 1752180735357
49 verbose unfinished npm timer idealTree:init 1752180735358
50 verbose code 1
51 error A complete log of this run can be found in:
51 error     /home/ec2-user/.npm/_logs/2025-07-10T20_52_15_169Z-debug-0.log
